<?xml version="1.0" encoding="UTF-8"?>
<!-- Generated by org.testng.reporters.JUnitXMLReporter -->
<testsuite hostname="Anakin" ignored="1" name="Smoke Test" tests="4" failures="0" timestamp="25 Aug 2017 10:36:29 GMT" time="0.063" errors="0">
  <testcase name="testcase1" time="0.005" classname="framework.Framework"/>
  <testcase name="testcase2" time="0.005" classname="framework.Framework"/>
  <testcase name="testcase2" time="0.005" classname="framework.Framework2"/>
  <testcase name="testcase1" time="0.0" classname="framework.Framework2"/>
  <testcase name="testcase3" time="0.0" classname="framework.Framework2">
    <ignored/>
  </testcase> <!-- testcase3 -->
</testsuite> <!-- Smoke Test -->
