<?xml version="1.0" encoding="UTF-8"?>
<!-- Generated by org.testng.reporters.JUnitXMLReporter -->
<testsuite hostname="Anakin" ignored="4" name="Smoke Test" tests="1" failures="0" timestamp="25 Aug 2017 11:16:16 GMT" time="0.045" errors="0">
  <testcase name="testcase2" time="0.015" classname="framework.Framework2"/>
  <testcase name="testcase3" time="0.0" classname="framework.Framework2">
    <ignored/>
  </testcase> <!-- testcase3 -->
  <testcase name="testcase2" time="0.0" classname="framework.Framework">
    <ignored/>
  </testcase> <!-- testcase2 -->
  <testcase name="testcase1" time="0.0" classname="framework.Framework2">
    <ignored/>
  </testcase> <!-- testcase1 -->
  <testcase name="testcase1" time="0.0" classname="framework.Framework">
    <ignored/>
  </testcase> <!-- testcase1 -->
</testsuite> <!-- Smoke Test -->
