<?xml version="1.0" encoding="UTF-8"?>
<testng-results skipped="0" failed="0" ignored="0" total="2" passed="2">
  <reporter-output>
  </reporter-output>
  <suite name="Default suite" duration-ms="253" started-at="2017-09-05T12:04:04Z" finished-at="2017-09-05T12:04:04Z">
    <groups>
    </groups>
    <test name="Default test" duration-ms="253" started-at="2017-09-05T12:04:04Z" finished-at="2017-09-05T12:04:04Z">
      <class name="datadriven.Framework">
        <test-method status="PASS" signature="testdrivencase(java.lang.String, java.lang.String)[pri:0, instance:datadriven.Framework@6ea12c19]" name="testdrivencase" duration-ms="14" started-at="2017-09-05T17:34:04Z" data-provider="getData" finished-at="2017-09-05T17:34:04Z">
          <params>
            <param index="0">
              <value>
                <![CDATA[test1]]>
              </value>
            </param>
            <param index="1">
              <value>
                <![CDATA[test2]]>
              </value>
            </param>
          </params>
          <reporter-output>
          </reporter-output>
        </test-method> <!-- testdrivencase -->
        <test-method status="PASS" signature="testdrivencase(java.lang.String, java.lang.String)[pri:0, instance:datadriven.Framework@6ea12c19]" name="testdrivencase" duration-ms="2" started-at="2017-09-05T17:34:04Z" data-provider="getData" finished-at="2017-09-05T17:34:04Z">
          <params>
            <param index="0">
              <value>
                <![CDATA[test3]]>
              </value>
            </param>
            <param index="1">
              <value>
                <![CDATA[test4]]>
              </value>
            </param>
          </params>
          <reporter-output>
          </reporter-output>
        </test-method> <!-- testdrivencase -->
      </class> <!-- datadriven.Framework -->
    </test> <!-- Default test -->
  </suite> <!-- Default suite -->
</testng-results>
